2021-07-02 09:13:42.994  INFO 1964 --- [restartedMain] cn.sinap.zengblog.ZengblogApplication    : Starting ZengblogApplication on LAPTOP-B6E2K6VB with PID 1964 (E:\JavaItem\zengblogJar\target\classes started by Vealroer in E:\JavaItem\zengblogJar)
2021-07-02 09:13:43.016 DEBUG 1964 --- [restartedMain] cn.sinap.zengblog.ZengblogApplication    : Running with Spring Boot v2.3.3.RELEASE, Spring v5.2.8.RELEASE
2021-07-02 09:13:43.017  INFO 1964 --- [restartedMain] cn.sinap.zengblog.ZengblogApplication    : No active profile set, falling back to default profiles: default
2021-07-02 09:13:43.062  INFO 1964 --- [restartedMain] .e.DevToolsPropertyDefaultsPostProcessor : Devtools property defaults active! Set 'spring.devtools.add-properties' to 'false' to disable
2021-07-02 09:13:43.063  INFO 1964 --- [restartedMain] .e.DevToolsPropertyDefaultsPostProcessor : For additional web related logging consider setting the 'logging.level.web' property to 'DEBUG'
2021-07-02 09:13:44.391  INFO 1964 --- [restartedMain] o.s.b.w.embedded.tomcat.TomcatWebServer  : Tomcat initialized with port(s): 80 (http)
2021-07-02 09:13:44.397  INFO 1964 --- [restartedMain] o.apache.catalina.core.StandardService   : Starting service [Tomcat]
2021-07-02 09:13:44.398  INFO 1964 --- [restartedMain] org.apache.catalina.core.StandardEngine  : Starting Servlet engine: [Apache Tomcat/9.0.37]
2021-07-02 09:13:44.469  INFO 1964 --- [restartedMain] o.a.c.c.C.[Tomcat].[localhost].[/]       : Initializing Spring embedded WebApplicationContext
2021-07-02 09:13:44.469  INFO 1964 --- [restartedMain] w.s.c.ServletWebServerApplicationContext : Root WebApplicationContext: initialization completed in 1406 ms
2021-07-02 09:13:45.371  INFO 1964 --- [restartedMain] pertySourcedRequestMappingHandlerMapping : Mapped URL path [/v2/api-docs] onto method [springfox.documentation.swagger2.web.Swagger2Controller#getDocumentation(String, HttpServletRequest)]
2021-07-02 09:13:45.519  INFO 1964 --- [restartedMain] o.s.s.concurrent.ThreadPoolTaskExecutor  : Initializing ExecutorService 'applicationTaskExecutor'
2021-07-02 09:13:45.583  INFO 1964 --- [restartedMain] o.s.b.d.a.OptionalLiveReloadServer       : LiveReload server is running on port 35729
2021-07-02 09:13:45.616  INFO 1964 --- [restartedMain] o.s.b.a.w.s.WelcomePageHandlerMapping    : Adding welcome page template: index
2021-07-02 09:13:45.927  INFO 1964 --- [restartedMain] o.s.b.w.embedded.tomcat.TomcatWebServer  : Tomcat started on port(s): 80 (http) with context path ''
2021-07-02 09:13:45.928  INFO 1964 --- [restartedMain] d.s.w.p.DocumentationPluginsBootstrapper : Context refreshed
2021-07-02 09:13:45.936  INFO 1964 --- [restartedMain] d.s.w.p.DocumentationPluginsBootstrapper : Found 1 custom documentation plugin(s)
2021-07-02 09:13:45.961  INFO 1964 --- [restartedMain] s.d.s.w.s.ApiListingReferenceScanner     : Scanning for api listing references
2021-07-02 09:13:46.036  INFO 1964 --- [restartedMain] .d.s.w.r.o.CachingOperationNameGenerator : Generating unique operation named: deleteTypeUsingGET_1
2021-07-02 09:13:46.054  INFO 1964 --- [restartedMain] cn.sinap.zengblog.ZengblogApplication    : Started ZengblogApplication in 4.081 seconds (JVM running for 6.929)
2021-07-02 09:13:56.411  INFO 1964 --- [http-nio-80-exec-1] o.a.c.c.C.[Tomcat].[localhost].[/]       : Initializing Spring DispatcherServlet 'dispatcherServlet'
2021-07-02 09:13:56.412  INFO 1964 --- [http-nio-80-exec-1] o.s.web.servlet.DispatcherServlet        : Initializing Servlet 'dispatcherServlet'
2021-07-02 09:13:56.423  INFO 1964 --- [http-nio-80-exec-1] o.s.web.servlet.DispatcherServlet        : Completed initialization in 11 ms
2021-07-02 09:13:57.319  INFO 1964 --- [http-nio-80-exec-5] cn.sinap.zengblog.aspect.LogAspect       : Request : ResultLog{url='/', id='0:0:0:0:0:0:0:1', classMethod='cn.sinap.zengblog.controller.IndexController.index', args=[1, {}]} 
2021-07-02 09:13:57.356  INFO 1964 --- [http-nio-80-exec-5] com.zaxxer.hikari.HikariDataSource       : HikariPool-1 - Starting...
2021-07-02 09:14:10.748  INFO 1964 --- [http-nio-80-exec-3] cn.sinap.zengblog.aspect.LogAspect       : Request : ResultLog{url='/', id='0:0:0:0:0:0:0:1', classMethod='cn.sinap.zengblog.controller.IndexController.index', args=[1, {}]} 
2021-07-02 09:14:19.468 ERROR 1964 --- [http-nio-80-exec-5] com.zaxxer.hikari.pool.HikariPool        : HikariPool-1 - Exception during pool initialization.

com.mysql.cj.jdbc.exceptions.CommunicationsException: Communications link failure

The last packet sent successfully to the server was 0 milliseconds ago. The driver has not received any packets from the server.
	at com.mysql.cj.jdbc.exceptions.SQLError.createCommunicationsException(SQLError.java:174)
	at com.mysql.cj.jdbc.exceptions.SQLExceptionsMapping.translateException(SQLExceptionsMapping.java:64)
	at com.mysql.cj.jdbc.ConnectionImpl.createNewIO(ConnectionImpl.java:836)
	at com.mysql.cj.jdbc.ConnectionImpl.<init>(ConnectionImpl.java:456)
	at com.mysql.cj.jdbc.ConnectionImpl.getInstance(ConnectionImpl.java:246)
	at com.mysql.cj.jdbc.NonRegisteringDriver.connect(NonRegisteringDriver.java:197)
	at com.zaxxer.hikari.util.DriverDataSource.getConnection(DriverDataSource.java:138)
	at com.zaxxer.hikari.pool.PoolBase.newConnection(PoolBase.java:358)
	at com.zaxxer.hikari.pool.PoolBase.newPoolEntry(PoolBase.java:206)
	at com.zaxxer.hikari.pool.HikariPool.createPoolEntry(HikariPool.java:477)
	at com.zaxxer.hikari.pool.HikariPool.checkFailFast(HikariPool.java:560)
	at com.zaxxer.hikari.pool.HikariPool.<init>(HikariPool.java:115)
	at com.zaxxer.hikari.HikariDataSource.getConnection(HikariDataSource.java:112)
	at org.springframework.jdbc.datasource.DataSourceUtils.fetchConnection(DataSourceUtils.java:158)
	at org.springframework.jdbc.datasource.DataSourceUtils.doGetConnection(DataSourceUtils.java:116)
	at org.springframework.jdbc.datasource.DataSourceUtils.getConnection(DataSourceUtils.java:79)
	at org.mybatis.spring.transaction.SpringManagedTransaction.openConnection(SpringManagedTransaction.java:80)
	at org.mybatis.spring.transaction.SpringManagedTransaction.getConnection(SpringManagedTransaction.java:67)
	at org.apache.ibatis.executor.BaseExecutor.getConnection(BaseExecutor.java:337)
	at org.apache.ibatis.executor.SimpleExecutor.prepareStatement(SimpleExecutor.java:86)
	at org.apache.ibatis.executor.SimpleExecutor.doQuery(SimpleExecutor.java:62)
	at org.apache.ibatis.executor.BaseExecutor.queryFromDatabase(BaseExecutor.java:325)
	at org.apache.ibatis.executor.BaseExecutor.query(BaseExecutor.java:156)
	at org.apache.ibatis.executor.CachingExecutor.query(CachingExecutor.java:109)
	at com.github.pagehelper.util.ExecutorUtil.executeAutoCount(ExecutorUtil.java:138)
	at com.github.pagehelper.PageInterceptor.count(PageInterceptor.java:148)
	at com.github.pagehelper.PageInterceptor.intercept(PageInterceptor.java:97)
	at org.apache.ibatis.plugin.Plugin.invoke(Plugin.java:61)
	at com.sun.proxy.$Proxy122.query(Unknown Source)
	at org.apache.ibatis.session.defaults.DefaultSqlSession.selectList(DefaultSqlSession.java:147)
	at org.apache.ibatis.session.defaults.DefaultSqlSession.selectList(DefaultSqlSession.java:140)
	at java.base/jdk.internal.reflect.NativeMethodAccessorImpl.invoke0(Native Method)
	at java.base/jdk.internal.reflect.NativeMethodAccessorImpl.invoke(NativeMethodAccessorImpl.java:62)
	at java.base/jdk.internal.reflect.DelegatingMethodAccessorImpl.invoke(DelegatingMethodAccessorImpl.java:43)
	at java.base/java.lang.reflect.Method.invoke(Method.java:564)
	at org.mybatis.spring.SqlSessionTemplate$SqlSessionInterceptor.invoke(SqlSessionTemplate.java:426)
	at com.sun.proxy.$Proxy83.selectList(Unknown Source)
	at org.mybatis.spring.SqlSessionTemplate.selectList(SqlSessionTemplate.java:223)
	at org.apache.ibatis.binding.MapperMethod.executeForMany(MapperMethod.java:147)
	at org.apache.ibatis.binding.MapperMethod.execute(MapperMethod.java:80)
	at org.apache.ibatis.binding.MapperProxy$PlainMethodInvoker.invoke(MapperProxy.java:152)
	at org.apache.ibatis.binding.MapperProxy.invoke(MapperProxy.java:85)
	at com.sun.proxy.$Proxy84.getIndexBlog(Unknown Source)
	at java.base/jdk.internal.reflect.NativeMethodAccessorImpl.invoke0(Native Method)
	at java.base/jdk.internal.reflect.NativeMethodAccessorImpl.invoke(NativeMethodAccessorImpl.java:62)
	at java.base/jdk.internal.reflect.DelegatingMethodAccessorImpl.invoke(DelegatingMethodAccessorImpl.java:43)
	at java.base/java.lang.reflect.Method.invoke(Method.java:564)
	at org.springframework.aop.support.AopUtils.invokeJoinpointUsingReflection(AopUtils.java:344)
	at org.springframework.aop.framework.ReflectiveMethodInvocation.invokeJoinpoint(ReflectiveMethodInvocation.java:198)
	at org.springframework.aop.framework.ReflectiveMethodInvocation.proceed(ReflectiveMethodInvocation.java:163)
	at org.springframework.dao.support.PersistenceExceptionTranslationInterceptor.invoke(PersistenceExceptionTranslationInterceptor.java:139)
	at org.springframework.aop.framework.ReflectiveMethodInvocation.proceed(ReflectiveMethodInvocation.java:186)
	at org.springframework.aop.framework.JdkDynamicAopProxy.invoke(JdkDynamicAopProxy.java:212)
	at com.sun.proxy.$Proxy85.getIndexBlog(Unknown Source)
	at cn.sinap.zengblog.service.impl.BlogServiceImpl.getIndexBlog(BlogServiceImpl.java:54)
	at cn.sinap.zengblog.controller.IndexController.index(IndexController.java:46)
	at cn.sinap.zengblog.controller.IndexController$$FastClassBySpringCGLIB$$5161e59a.invoke(<generated>)
	at org.springframework.cglib.proxy.MethodProxy.invoke(MethodProxy.java:218)
	at org.springframework.aop.framework.CglibAopProxy$CglibMethodInvocation.invokeJoinpoint(CglibAopProxy.java:771)
	at org.springframework.aop.framework.ReflectiveMethodInvocation.proceed(ReflectiveMethodInvocation.java:163)
	at org.springframework.aop.framework.CglibAopProxy$CglibMethodInvocation.proceed(CglibAopProxy.java:749)
	at org.springframework.aop.framework.adapter.AfterReturningAdviceInterceptor.invoke(AfterReturningAdviceInterceptor.java:55)
	at org.springframework.aop.framework.ReflectiveMethodInvocation.proceed(ReflectiveMethodInvocation.java:186)
	at org.springframework.aop.framework.CglibAopProxy$CglibMethodInvocation.proceed(CglibAopProxy.java:749)
	at org.springframework.aop.aspectj.AspectJAfterAdvice.invoke(AspectJAfterAdvice.java:47)
	at org.springframework.aop.framework.ReflectiveMethodInvocation.proceed(ReflectiveMethodInvocation.java:186)
	at org.springframework.aop.framework.CglibAopProxy$CglibMethodInvocation.proceed(CglibAopProxy.java:749)
	at org.springframework.aop.framework.adapter.MethodBeforeAdviceInterceptor.invoke(MethodBeforeAdviceInterceptor.java:56)
	at org.springframework.aop.framework.ReflectiveMethodInvocation.proceed(ReflectiveMethodInvocation.java:186)
	at org.springframework.aop.framework.CglibAopProxy$CglibMethodInvocation.proceed(CglibAopProxy.java:749)
	at org.springframework.aop.interceptor.ExposeInvocationInterceptor.invoke(ExposeInvocationInterceptor.java:95)
	at org.springframework.aop.framework.ReflectiveMethodInvocation.proceed(ReflectiveMethodInvocation.java:186)
	at org.springframework.aop.framework.CglibAopProxy$CglibMethodInvocation.proceed(CglibAopProxy.java:749)
	at org.springframework.aop.framework.CglibAopProxy$DynamicAdvisedInterceptor.intercept(CglibAopProxy.java:691)
	at cn.sinap.zengblog.controller.IndexController$$EnhancerBySpringCGLIB$$a3856fb5.index(<generated>)
	at java.base/jdk.internal.reflect.NativeMethodAccessorImpl.invoke0(Native Method)
	at java.base/jdk.internal.reflect.NativeMethodAccessorImpl.invoke(NativeMethodAccessorImpl.java:62)
	at java.base/jdk.internal.reflect.DelegatingMethodAccessorImpl.invoke(DelegatingMethodAccessorImpl.java:43)
	at java.base/java.lang.reflect.Method.invoke(Method.java:564)
	at org.springframework.web.method.support.InvocableHandlerMethod.doInvoke(InvocableHandlerMethod.java:190)
	at org.springframework.web.method.support.InvocableHandlerMethod.invokeForRequest(InvocableHandlerMethod.java:138)
	at org.springframework.web.servlet.mvc.method.annotation.ServletInvocableHandlerMethod.invokeAndHandle(ServletInvocableHandlerMethod.java:105)
	at org.springframework.web.servlet.mvc.method.annotation.RequestMappingHandlerAdapter.invokeHandlerMethod(RequestMappingHandlerAdapter.java:878)
	at org.springframework.web.servlet.mvc.method.annotation.RequestMappingHandlerAdapter.handleInternal(RequestMappingHandlerAdapter.java:792)
	at org.springframework.web.servlet.mvc.method.AbstractHandlerMethodAdapter.handle(AbstractHandlerMethodAdapter.java:87)
	at org.springframework.web.servlet.DispatcherServlet.doDispatch(DispatcherServlet.java:1040)
	at org.springframework.web.servlet.DispatcherServlet.doService(DispatcherServlet.java:943)
	at org.springframework.web.servlet.FrameworkServlet.processRequest(FrameworkServlet.java:1006)
	at org.springframework.web.servlet.FrameworkServlet.doGet(FrameworkServlet.java:898)
	at javax.servlet.http.HttpServlet.service(HttpServlet.java:626)
	at org.springframework.web.servlet.FrameworkServlet.service(FrameworkServlet.java:883)
	at javax.servlet.http.HttpServlet.service(HttpServlet.java:733)
	at org.apache.catalina.core.ApplicationFilterChain.internalDoFilter(ApplicationFilterChain.java:231)
	at org.apache.catalina.core.ApplicationFilterChain.doFilter(ApplicationFilterChain.java:166)
	at org.apache.tomcat.websocket.server.WsFilter.doFilter(WsFilter.java:53)
	at org.apache.catalina.core.ApplicationFilterChain.internalDoFilter(ApplicationFilterChain.java:193)
	at org.apache.catalina.core.ApplicationFilterChain.doFilter(ApplicationFilterChain.java:166)
	at org.springframework.web.filter.RequestContextFilter.doFilterInternal(RequestContextFilter.java:100)
	at org.springframework.web.filter.OncePerRequestFilter.doFilter(OncePerRequestFilter.java:119)
	at org.apache.catalina.core.ApplicationFilterChain.internalDoFilter(ApplicationFilterChain.java:193)
	at org.apache.catalina.core.ApplicationFilterChain.doFilter(ApplicationFilterChain.java:166)
	at org.springframework.web.filter.FormContentFilter.doFilterInternal(FormContentFilter.java:93)
	at org.springframework.web.filter.OncePerRequestFilter.doFilter(OncePerRequestFilter.java:119)
	at org.apache.catalina.core.ApplicationFilterChain.internalDoFilter(ApplicationFilterChain.java:193)
	at org.apache.catalina.core.ApplicationFilterChain.doFilter(ApplicationFilterChain.java:166)
	at org.springframework.web.filter.CharacterEncodingFilter.doFilterInternal(CharacterEncodingFilter.java:201)
	at org.springframework.web.filter.OncePerRequestFilter.doFilter(OncePerRequestFilter.java:119)
	at org.apache.catalina.core.ApplicationFilterChain.internalDoFilter(ApplicationFilterChain.java:193)
	at org.apache.catalina.core.ApplicationFilterChain.doFilter(ApplicationFilterChain.java:166)
	at org.apache.catalina.core.StandardWrapperValve.invoke(StandardWrapperValve.java:202)
	at org.apache.catalina.core.StandardContextValve.invoke(StandardContextValve.java:96)
	at org.apache.catalina.authenticator.AuthenticatorBase.invoke(AuthenticatorBase.java:541)
	at org.apache.catalina.core.StandardHostValve.invoke(StandardHostValve.java:139)
	at org.apache.catalina.valves.ErrorReportValve.invoke(ErrorReportValve.java:92)
	at org.apache.catalina.core.StandardEngineValve.invoke(StandardEngineValve.java:74)
	at org.apache.catalina.connector.CoyoteAdapter.service(CoyoteAdapter.java:343)
	at org.apache.coyote.http11.Http11Processor.service(Http11Processor.java:373)
	at org.apache.coyote.AbstractProcessorLight.process(AbstractProcessorLight.java:65)
	at org.apache.coyote.AbstractProtocol$ConnectionHandler.process(AbstractProtocol.java:868)
	at org.apache.tomcat.util.net.NioEndpoint$SocketProcessor.doRun(NioEndpoint.java:1589)
	at org.apache.tomcat.util.net.SocketProcessorBase.run(SocketProcessorBase.java:49)
	at java.base/java.util.concurrent.ThreadPoolExecutor.runWorker(ThreadPoolExecutor.java:1130)
	at java.base/java.util.concurrent.ThreadPoolExecutor$Worker.run(ThreadPoolExecutor.java:630)
	at org.apache.tomcat.util.threads.TaskThread$WrappingRunnable.run(TaskThread.java:61)
	at java.base/java.lang.Thread.run(Thread.java:832)
Caused by: com.mysql.cj.exceptions.CJCommunicationsException: Communications link failure

The last packet sent successfully to the server was 0 milliseconds ago. The driver has not received any packets from the server.
	at java.base/jdk.internal.reflect.NativeConstructorAccessorImpl.newInstance0(Native Method)
	at java.base/jdk.internal.reflect.NativeConstructorAccessorImpl.newInstance(NativeConstructorAccessorImpl.java:62)
	at java.base/jdk.internal.reflect.DelegatingConstructorAccessorImpl.newInstance(DelegatingConstructorAccessorImpl.java:45)
	at java.base/java.lang.reflect.Constructor.newInstanceWithCaller(Constructor.java:500)
	at java.base/java.lang.reflect.Constructor.newInstance(Constructor.java:481)
	at com.mysql.cj.exceptions.ExceptionFactory.createException(ExceptionFactory.java:61)
	at com.mysql.cj.exceptions.ExceptionFactory.createException(ExceptionFactory.java:105)
	at com.mysql.cj.exceptions.ExceptionFactory.createException(ExceptionFactory.java:151)
	at com.mysql.cj.exceptions.ExceptionFactory.createCommunicationsException(ExceptionFactory.java:167)
	at com.mysql.cj.protocol.a.NativeSocketConnection.connect(NativeSocketConnection.java:91)
	at com.mysql.cj.NativeSession.connect(NativeSession.java:144)
	at com.mysql.cj.jdbc.ConnectionImpl.connectOneTryOnly(ConnectionImpl.java:956)
	at com.mysql.cj.jdbc.ConnectionImpl.createNewIO(ConnectionImpl.java:826)
	... 122 common frames omitted
Caused by: java.net.ConnectException: Connection timed out: no further information
	at java.base/sun.nio.ch.Net.pollConnect(Native Method)
	at java.base/sun.nio.ch.Net.pollConnectNow(Net.java:589)
	at java.base/sun.nio.ch.NioSocketImpl.timedFinishConnect(NioSocketImpl.java:549)
	at java.base/sun.nio.ch.NioSocketImpl.connect(NioSocketImpl.java:597)
	at java.base/java.net.SocksSocketImpl.connect(SocksSocketImpl.java:333)
	at java.base/java.net.Socket.connect(Socket.java:648)
	at com.mysql.cj.protocol.StandardSocketFactory.connect(StandardSocketFactory.java:155)
	at com.mysql.cj.protocol.a.NativeSocketConnection.connect(NativeSocketConnection.java:65)
	... 125 common frames omitted

2021-07-02 09:14:19.471  INFO 1964 --- [http-nio-80-exec-3] com.zaxxer.hikari.HikariDataSource       : HikariPool-1 - Starting...
2021-07-02 09:14:19.477 ERROR 1964 --- [http-nio-80-exec-5] c.s.z.h.ControllerExceptionHandler       : Request URL : http://localhost/ , Exception : nested exception is org.apache.ibatis.exceptions.PersistenceException: 
### Error querying database.  Cause: org.springframework.jdbc.CannotGetJdbcConnectionException: Failed to obtain JDBC Connection; nested exception is com.mysql.cj.jdbc.exceptions.CommunicationsException: Communications link failure

The last packet sent successfully to the server was 0 milliseconds ago. The driver has not received any packets from the server.
### The error may exist in file [E:\JavaItem\zengblogJar\target\classes\mapper\BlogDao.xml]
### The error may involve cn.sinap.zengblog.dao.BlogDao.getIndexBlog_COUNT
### The error occurred while executing a query
### Cause: org.springframework.jdbc.CannotGetJdbcConnectionException: Failed to obtain JDBC Connection; nested exception is com.mysql.cj.jdbc.exceptions.CommunicationsException: Communications link failure

The last packet sent successfully to the server was 0 milliseconds ago. The driver has not received any packets from the server.
2021-07-02 09:14:19.477  WARN 1964 --- [http-nio-80-exec-5] .m.m.a.ExceptionHandlerExceptionResolver : Resolved [org.mybatis.spring.MyBatisSystemException: nested exception is org.apache.ibatis.exceptions.PersistenceException: 
### Error querying database.  Cause: org.springframework.jdbc.CannotGetJdbcConnectionException: Failed to obtain JDBC Connection; nested exception is com.mysql.cj.jdbc.exceptions.CommunicationsException: Communications link failure

The last packet sent successfully to the server was 0 milliseconds ago. The driver has not received any packets from the server.
### The error may exist in file [E:\JavaItem\zengblogJar\target\classes\mapper\BlogDao.xml]
### The error may involve cn.sinap.zengblog.dao.BlogDao.getIndexBlog_COUNT
### The error occurred while executing a query
### Cause: org.springframework.jdbc.CannotGetJdbcConnectionException: Failed to obtain JDBC Connection; nested exception is com.mysql.cj.jdbc.exceptions.CommunicationsException: Communications link failure

The last packet sent successfully to the server was 0 milliseconds ago. The driver has not received any packets from the server.]
2021-07-02 09:14:41.519 ERROR 1964 --- [http-nio-80-exec-3] com.zaxxer.hikari.pool.HikariPool        : HikariPool-1 - Exception during pool initialization.

com.mysql.cj.jdbc.exceptions.CommunicationsException: Communications link failure

The last packet sent successfully to the server was 0 milliseconds ago. The driver has not received any packets from the server.
	at com.mysql.cj.jdbc.exceptions.SQLError.createCommunicationsException(SQLError.java:174)
	at com.mysql.cj.jdbc.exceptions.SQLExceptionsMapping.translateException(SQLExceptionsMapping.java:64)
	at com.mysql.cj.jdbc.ConnectionImpl.createNewIO(ConnectionImpl.java:836)
	at com.mysql.cj.jdbc.ConnectionImpl.<init>(ConnectionImpl.java:456)
	at com.mysql.cj.jdbc.ConnectionImpl.getInstance(ConnectionImpl.java:246)
	at com.mysql.cj.jdbc.NonRegisteringDriver.connect(NonRegisteringDriver.java:197)
	at com.zaxxer.hikari.util.DriverDataSource.getConnection(DriverDataSource.java:138)
	at com.zaxxer.hikari.pool.PoolBase.newConnection(PoolBase.java:358)
	at com.zaxxer.hikari.pool.PoolBase.newPoolEntry(PoolBase.java:206)
	at com.zaxxer.hikari.pool.HikariPool.createPoolEntry(HikariPool.java:477)
	at com.zaxxer.hikari.pool.HikariPool.checkFailFast(HikariPool.java:560)
	at com.zaxxer.hikari.pool.HikariPool.<init>(HikariPool.java:115)
	at com.zaxxer.hikari.HikariDataSource.getConnection(HikariDataSource.java:112)
	at org.springframework.jdbc.datasource.DataSourceUtils.fetchConnection(DataSourceUtils.java:158)
	at org.springframework.jdbc.datasource.DataSourceUtils.doGetConnection(DataSourceUtils.java:116)
	at org.springframework.jdbc.datasource.DataSourceUtils.getConnection(DataSourceUtils.java:79)
	at org.mybatis.spring.transaction.SpringManagedTransaction.openConnection(SpringManagedTransaction.java:80)
	at org.mybatis.spring.transaction.SpringManagedTransaction.getConnection(SpringManagedTransaction.java:67)
	at org.apache.ibatis.executor.BaseExecutor.getConnection(BaseExecutor.java:337)
	at org.apache.ibatis.executor.SimpleExecutor.prepareStatement(SimpleExecutor.java:86)
	at org.apache.ibatis.executor.SimpleExecutor.doQuery(SimpleExecutor.java:62)
	at org.apache.ibatis.executor.BaseExecutor.queryFromDatabase(BaseExecutor.java:325)
	at org.apache.ibatis.executor.BaseExecutor.query(BaseExecutor.java:156)
	at org.apache.ibatis.executor.CachingExecutor.query(CachingExecutor.java:109)
	at com.github.pagehelper.util.ExecutorUtil.executeAutoCount(ExecutorUtil.java:138)
	at com.github.pagehelper.PageInterceptor.count(PageInterceptor.java:148)
	at com.github.pagehelper.PageInterceptor.intercept(PageInterceptor.java:97)
	at org.apache.ibatis.plugin.Plugin.invoke(Plugin.java:61)
	at com.sun.proxy.$Proxy122.query(Unknown Source)
	at org.apache.ibatis.session.defaults.DefaultSqlSession.selectList(DefaultSqlSession.java:147)
	at org.apache.ibatis.session.defaults.DefaultSqlSession.selectList(DefaultSqlSession.java:140)
	at java.base/jdk.internal.reflect.NativeMethodAccessorImpl.invoke0(Native Method)
	at java.base/jdk.internal.reflect.NativeMethodAccessorImpl.invoke(NativeMethodAccessorImpl.java:62)
	at java.base/jdk.internal.reflect.DelegatingMethodAccessorImpl.invoke(DelegatingMethodAccessorImpl.java:43)
	at java.base/java.lang.reflect.Method.invoke(Method.java:564)
	at org.mybatis.spring.SqlSessionTemplate$SqlSessionInterceptor.invoke(SqlSessionTemplate.java:426)
	at com.sun.proxy.$Proxy83.selectList(Unknown Source)
	at org.mybatis.spring.SqlSessionTemplate.selectList(SqlSessionTemplate.java:223)
	at org.apache.ibatis.binding.MapperMethod.executeForMany(MapperMethod.java:147)
	at org.apache.ibatis.binding.MapperMethod.execute(MapperMethod.java:80)
	at org.apache.ibatis.binding.MapperProxy$PlainMethodInvoker.invoke(MapperProxy.java:152)
	at org.apache.ibatis.binding.MapperProxy.invoke(MapperProxy.java:85)
	at com.sun.proxy.$Proxy84.getIndexBlog(Unknown Source)
	at java.base/jdk.internal.reflect.NativeMethodAccessorImpl.invoke0(Native Method)
	at java.base/jdk.internal.reflect.NativeMethodAccessorImpl.invoke(NativeMethodAccessorImpl.java:62)
	at java.base/jdk.internal.reflect.DelegatingMethodAccessorImpl.invoke(DelegatingMethodAccessorImpl.java:43)
	at java.base/java.lang.reflect.Method.invoke(Method.java:564)
	at org.springframework.aop.support.AopUtils.invokeJoinpointUsingReflection(AopUtils.java:344)
	at org.springframework.aop.framework.ReflectiveMethodInvocation.invokeJoinpoint(ReflectiveMethodInvocation.java:198)
	at org.springframework.aop.framework.ReflectiveMethodInvocation.proceed(ReflectiveMethodInvocation.java:163)
	at org.springframework.dao.support.PersistenceExceptionTranslationInterceptor.invoke(PersistenceExceptionTranslationInterceptor.java:139)
	at org.springframework.aop.framework.ReflectiveMethodInvocation.proceed(ReflectiveMethodInvocation.java:186)
	at org.springframework.aop.framework.JdkDynamicAopProxy.invoke(JdkDynamicAopProxy.java:212)
	at com.sun.proxy.$Proxy85.getIndexBlog(Unknown Source)
	at cn.sinap.zengblog.service.impl.BlogServiceImpl.getIndexBlog(BlogServiceImpl.java:54)
	at cn.sinap.zengblog.controller.IndexController.index(IndexController.java:46)
	at cn.sinap.zengblog.controller.IndexController$$FastClassBySpringCGLIB$$5161e59a.invoke(<generated>)
	at org.springframework.cglib.proxy.MethodProxy.invoke(MethodProxy.java:218)
	at org.springframework.aop.framework.CglibAopProxy$CglibMethodInvocation.invokeJoinpoint(CglibAopProxy.java:771)
	at org.springframework.aop.framework.ReflectiveMethodInvocation.proceed(ReflectiveMethodInvocation.java:163)
	at org.springframework.aop.framework.CglibAopProxy$CglibMethodInvocation.proceed(CglibAopProxy.java:749)
	at org.springframework.aop.framework.adapter.AfterReturningAdviceInterceptor.invoke(AfterReturningAdviceInterceptor.java:55)
	at org.springframework.aop.framework.ReflectiveMethodInvocation.proceed(ReflectiveMethodInvocation.java:186)
	at org.springframework.aop.framework.CglibAopProxy$CglibMethodInvocation.proceed(CglibAopProxy.java:749)
	at org.springframework.aop.aspectj.AspectJAfterAdvice.invoke(AspectJAfterAdvice.java:47)
	at org.springframework.aop.framework.ReflectiveMethodInvocation.proceed(ReflectiveMethodInvocation.java:186)
	at org.springframework.aop.framework.CglibAopProxy$CglibMethodInvocation.proceed(CglibAopProxy.java:749)
	at org.springframework.aop.framework.adapter.MethodBeforeAdviceInterceptor.invoke(MethodBeforeAdviceInterceptor.java:56)
	at org.springframework.aop.framework.ReflectiveMethodInvocation.proceed(ReflectiveMethodInvocation.java:186)
	at org.springframework.aop.framework.CglibAopProxy$CglibMethodInvocation.proceed(CglibAopProxy.java:749)
	at org.springframework.aop.interceptor.ExposeInvocationInterceptor.invoke(ExposeInvocationInterceptor.java:95)
	at org.springframework.aop.framework.ReflectiveMethodInvocation.proceed(ReflectiveMethodInvocation.java:186)
	at org.springframework.aop.framework.CglibAopProxy$CglibMethodInvocation.proceed(CglibAopProxy.java:749)
	at org.springframework.aop.framework.CglibAopProxy$DynamicAdvisedInterceptor.intercept(CglibAopProxy.java:691)
	at cn.sinap.zengblog.controller.IndexController$$EnhancerBySpringCGLIB$$a3856fb5.index(<generated>)
	at java.base/jdk.internal.reflect.NativeMethodAccessorImpl.invoke0(Native Method)
	at java.base/jdk.internal.reflect.NativeMethodAccessorImpl.invoke(NativeMethodAccessorImpl.java:62)
	at java.base/jdk.internal.reflect.DelegatingMethodAccessorImpl.invoke(DelegatingMethodAccessorImpl.java:43)
	at java.base/java.lang.reflect.Method.invoke(Method.java:564)
	at org.springframework.web.method.support.InvocableHandlerMethod.doInvoke(InvocableHandlerMethod.java:190)
	at org.springframework.web.method.support.InvocableHandlerMethod.invokeForRequest(InvocableHandlerMethod.java:138)
	at org.springframework.web.servlet.mvc.method.annotation.ServletInvocableHandlerMethod.invokeAndHandle(ServletInvocableHandlerMethod.java:105)
	at org.springframework.web.servlet.mvc.method.annotation.RequestMappingHandlerAdapter.invokeHandlerMethod(RequestMappingHandlerAdapter.java:878)
	at org.springframework.web.servlet.mvc.method.annotation.RequestMappingHandlerAdapter.handleInternal(RequestMappingHandlerAdapter.java:792)
	at org.springframework.web.servlet.mvc.method.AbstractHandlerMethodAdapter.handle(AbstractHandlerMethodAdapter.java:87)
	at org.springframework.web.servlet.DispatcherServlet.doDispatch(DispatcherServlet.java:1040)
	at org.springframework.web.servlet.DispatcherServlet.doService(DispatcherServlet.java:943)
	at org.springframework.web.servlet.FrameworkServlet.processRequest(FrameworkServlet.java:1006)
	at org.springframework.web.servlet.FrameworkServlet.doGet(FrameworkServlet.java:898)
	at javax.servlet.http.HttpServlet.service(HttpServlet.java:626)
	at org.springframework.web.servlet.FrameworkServlet.service(FrameworkServlet.java:883)
	at javax.servlet.http.HttpServlet.service(HttpServlet.java:733)
	at org.apache.catalina.core.ApplicationFilterChain.internalDoFilter(ApplicationFilterChain.java:231)
	at org.apache.catalina.core.ApplicationFilterChain.doFilter(ApplicationFilterChain.java:166)
	at org.apache.tomcat.websocket.server.WsFilter.doFilter(WsFilter.java:53)
	at org.apache.catalina.core.ApplicationFilterChain.internalDoFilter(ApplicationFilterChain.java:193)
	at org.apache.catalina.core.ApplicationFilterChain.doFilter(ApplicationFilterChain.java:166)
	at org.springframework.web.filter.RequestContextFilter.doFilterInternal(RequestContextFilter.java:100)
	at org.springframework.web.filter.OncePerRequestFilter.doFilter(OncePerRequestFilter.java:119)
	at org.apache.catalina.core.ApplicationFilterChain.internalDoFilter(ApplicationFilterChain.java:193)
	at org.apache.catalina.core.ApplicationFilterChain.doFilter(ApplicationFilterChain.java:166)
	at org.springframework.web.filter.FormContentFilter.doFilterInternal(FormContentFilter.java:93)
	at org.springframework.web.filter.OncePerRequestFilter.doFilter(OncePerRequestFilter.java:119)
	at org.apache.catalina.core.ApplicationFilterChain.internalDoFilter(ApplicationFilterChain.java:193)
	at org.apache.catalina.core.ApplicationFilterChain.doFilter(ApplicationFilterChain.java:166)
	at org.springframework.web.filter.CharacterEncodingFilter.doFilterInternal(CharacterEncodingFilter.java:201)
	at org.springframework.web.filter.OncePerRequestFilter.doFilter(OncePerRequestFilter.java:119)
	at org.apache.catalina.core.ApplicationFilterChain.internalDoFilter(ApplicationFilterChain.java:193)
	at org.apache.catalina.core.ApplicationFilterChain.doFilter(ApplicationFilterChain.java:166)
	at org.apache.catalina.core.StandardWrapperValve.invoke(StandardWrapperValve.java:202)
	at org.apache.catalina.core.StandardContextValve.invoke(StandardContextValve.java:96)
	at org.apache.catalina.authenticator.AuthenticatorBase.invoke(AuthenticatorBase.java:541)
	at org.apache.catalina.core.StandardHostValve.invoke(StandardHostValve.java:139)
	at org.apache.catalina.valves.ErrorReportValve.invoke(ErrorReportValve.java:92)
	at org.apache.catalina.core.StandardEngineValve.invoke(StandardEngineValve.java:74)
	at org.apache.catalina.connector.CoyoteAdapter.service(CoyoteAdapter.java:343)
	at org.apache.coyote.http11.Http11Processor.service(Http11Processor.java:373)
	at org.apache.coyote.AbstractProcessorLight.process(AbstractProcessorLight.java:65)
	at org.apache.coyote.AbstractProtocol$ConnectionHandler.process(AbstractProtocol.java:868)
	at org.apache.tomcat.util.net.NioEndpoint$SocketProcessor.doRun(NioEndpoint.java:1589)
	at org.apache.tomcat.util.net.SocketProcessorBase.run(SocketProcessorBase.java:49)
	at java.base/java.util.concurrent.ThreadPoolExecutor.runWorker(ThreadPoolExecutor.java:1130)
	at java.base/java.util.concurrent.ThreadPoolExecutor$Worker.run(ThreadPoolExecutor.java:630)
	at org.apache.tomcat.util.threads.TaskThread$WrappingRunnable.run(TaskThread.java:61)
	at java.base/java.lang.Thread.run(Thread.java:832)
Caused by: com.mysql.cj.exceptions.CJCommunicationsException: Communications link failure

The last packet sent successfully to the server was 0 milliseconds ago. The driver has not received any packets from the server.
	at java.base/jdk.internal.reflect.NativeConstructorAccessorImpl.newInstance0(Native Method)
	at java.base/jdk.internal.reflect.NativeConstructorAccessorImpl.newInstance(NativeConstructorAccessorImpl.java:62)
	at java.base/jdk.internal.reflect.DelegatingConstructorAccessorImpl.newInstance(DelegatingConstructorAccessorImpl.java:45)
	at java.base/java.lang.reflect.Constructor.newInstanceWithCaller(Constructor.java:500)
	at java.base/java.lang.reflect.Constructor.newInstance(Constructor.java:481)
	at com.mysql.cj.exceptions.ExceptionFactory.createException(ExceptionFactory.java:61)
	at com.mysql.cj.exceptions.ExceptionFactory.createException(ExceptionFactory.java:105)
	at com.mysql.cj.exceptions.ExceptionFactory.createException(ExceptionFactory.java:151)
	at com.mysql.cj.exceptions.ExceptionFactory.createCommunicationsException(ExceptionFactory.java:167)
	at com.mysql.cj.protocol.a.NativeSocketConnection.connect(NativeSocketConnection.java:91)
	at com.mysql.cj.NativeSession.connect(NativeSession.java:144)
	at com.mysql.cj.jdbc.ConnectionImpl.connectOneTryOnly(ConnectionImpl.java:956)
	at com.mysql.cj.jdbc.ConnectionImpl.createNewIO(ConnectionImpl.java:826)
	... 122 common frames omitted
Caused by: java.net.ConnectException: Connection timed out: no further information
	at java.base/sun.nio.ch.Net.pollConnect(Native Method)
	at java.base/sun.nio.ch.Net.pollConnectNow(Net.java:589)
	at java.base/sun.nio.ch.NioSocketImpl.timedFinishConnect(NioSocketImpl.java:549)
	at java.base/sun.nio.ch.NioSocketImpl.connect(NioSocketImpl.java:597)
	at java.base/java.net.SocksSocketImpl.connect(SocksSocketImpl.java:333)
	at java.base/java.net.Socket.connect(Socket.java:648)
	at com.mysql.cj.protocol.StandardSocketFactory.connect(StandardSocketFactory.java:155)
	at com.mysql.cj.protocol.a.NativeSocketConnection.connect(NativeSocketConnection.java:65)
	... 125 common frames omitted

2021-07-02 09:14:41.521 ERROR 1964 --- [http-nio-80-exec-3] c.s.z.h.ControllerExceptionHandler       : Request URL : http://localhost/ , Exception : nested exception is org.apache.ibatis.exceptions.PersistenceException: 
### Error querying database.  Cause: org.springframework.jdbc.CannotGetJdbcConnectionException: Failed to obtain JDBC Connection; nested exception is com.mysql.cj.jdbc.exceptions.CommunicationsException: Communications link failure

The last packet sent successfully to the server was 0 milliseconds ago. The driver has not received any packets from the server.
### The error may exist in file [E:\JavaItem\zengblogJar\target\classes\mapper\BlogDao.xml]
### The error may involve cn.sinap.zengblog.dao.BlogDao.getIndexBlog_COUNT
### The error occurred while executing a query
### Cause: org.springframework.jdbc.CannotGetJdbcConnectionException: Failed to obtain JDBC Connection; nested exception is com.mysql.cj.jdbc.exceptions.CommunicationsException: Communications link failure

The last packet sent successfully to the server was 0 milliseconds ago. The driver has not received any packets from the server.
2021-07-02 09:14:41.521  WARN 1964 --- [http-nio-80-exec-3] .m.m.a.ExceptionHandlerExceptionResolver : Resolved [org.mybatis.spring.MyBatisSystemException: nested exception is org.apache.ibatis.exceptions.PersistenceException: 
### Error querying database.  Cause: org.springframework.jdbc.CannotGetJdbcConnectionException: Failed to obtain JDBC Connection; nested exception is com.mysql.cj.jdbc.exceptions.CommunicationsException: Communications link failure

The last packet sent successfully to the server was 0 milliseconds ago. The driver has not received any packets from the server.
### The error may exist in file [E:\JavaItem\zengblogJar\target\classes\mapper\BlogDao.xml]
### The error may involve cn.sinap.zengblog.dao.BlogDao.getIndexBlog_COUNT
### The error occurred while executing a query
### Cause: org.springframework.jdbc.CannotGetJdbcConnectionException: Failed to obtain JDBC Connection; nested exception is com.mysql.cj.jdbc.exceptions.CommunicationsException: Communications link failure

The last packet sent successfully to the server was 0 milliseconds ago. The driver has not received any packets from the server.]
2021-07-02 09:15:29.684  INFO 24112 --- [restartedMain] cn.sinap.zengblog.ZengblogApplication    : Starting ZengblogApplication on LAPTOP-B6E2K6VB with PID 24112 (E:\JavaItem\zengblogJar\target\classes started by Vealroer in E:\JavaItem\zengblogJar)
2021-07-02 09:15:29.687 DEBUG 24112 --- [restartedMain] cn.sinap.zengblog.ZengblogApplication    : Running with Spring Boot v2.3.3.RELEASE, Spring v5.2.8.RELEASE
2021-07-02 09:15:29.687  INFO 24112 --- [restartedMain] cn.sinap.zengblog.ZengblogApplication    : No active profile set, falling back to default profiles: default
2021-07-02 09:15:29.719  INFO 24112 --- [restartedMain] .e.DevToolsPropertyDefaultsPostProcessor : Devtools property defaults active! Set 'spring.devtools.add-properties' to 'false' to disable
2021-07-02 09:15:29.719  INFO 24112 --- [restartedMain] .e.DevToolsPropertyDefaultsPostProcessor : For additional web related logging consider setting the 'logging.level.web' property to 'DEBUG'
2021-07-02 09:15:30.833  INFO 24112 --- [restartedMain] o.s.b.w.embedded.tomcat.TomcatWebServer  : Tomcat initialized with port(s): 80 (http)
2021-07-02 09:15:30.841  INFO 24112 --- [restartedMain] o.apache.catalina.core.StandardService   : Starting service [Tomcat]
2021-07-02 09:15:30.841  INFO 24112 --- [restartedMain] org.apache.catalina.core.StandardEngine  : Starting Servlet engine: [Apache Tomcat/9.0.37]
2021-07-02 09:15:30.914  INFO 24112 --- [restartedMain] o.a.c.c.C.[Tomcat].[localhost].[/]       : Initializing Spring embedded WebApplicationContext
2021-07-02 09:15:30.914  INFO 24112 --- [restartedMain] w.s.c.ServletWebServerApplicationContext : Root WebApplicationContext: initialization completed in 1195 ms
2021-07-02 09:15:31.626  INFO 24112 --- [restartedMain] pertySourcedRequestMappingHandlerMapping : Mapped URL path [/v2/api-docs] onto method [springfox.documentation.swagger2.web.Swagger2Controller#getDocumentation(String, HttpServletRequest)]
2021-07-02 09:15:31.742  INFO 24112 --- [restartedMain] o.s.s.concurrent.ThreadPoolTaskExecutor  : Initializing ExecutorService 'applicationTaskExecutor'
2021-07-02 09:15:31.794  INFO 24112 --- [restartedMain] o.s.b.d.a.OptionalLiveReloadServer       : LiveReload server is running on port 35729
2021-07-02 09:15:31.831  INFO 24112 --- [restartedMain] o.s.b.a.w.s.WelcomePageHandlerMapping    : Adding welcome page template: index
2021-07-02 09:15:32.149  INFO 24112 --- [restartedMain] o.s.b.w.embedded.tomcat.TomcatWebServer  : Tomcat started on port(s): 80 (http) with context path ''
2021-07-02 09:15:32.150  INFO 24112 --- [restartedMain] d.s.w.p.DocumentationPluginsBootstrapper : Context refreshed
2021-07-02 09:15:32.160  INFO 24112 --- [restartedMain] d.s.w.p.DocumentationPluginsBootstrapper : Found 1 custom documentation plugin(s)
2021-07-02 09:15:32.186  INFO 24112 --- [restartedMain] s.d.s.w.s.ApiListingReferenceScanner     : Scanning for api listing references
2021-07-02 09:15:32.260  INFO 24112 --- [restartedMain] .d.s.w.r.o.CachingOperationNameGenerator : Generating unique operation named: deleteTypeUsingGET_1
2021-07-02 09:15:32.277  INFO 24112 --- [restartedMain] cn.sinap.zengblog.ZengblogApplication    : Started ZengblogApplication in 2.891 seconds (JVM running for 3.396)
2021-07-02 09:15:47.441  INFO 24112 --- [http-nio-80-exec-1] o.a.c.c.C.[Tomcat].[localhost].[/]       : Initializing Spring DispatcherServlet 'dispatcherServlet'
2021-07-02 09:15:47.442  INFO 24112 --- [http-nio-80-exec-1] o.s.web.servlet.DispatcherServlet        : Initializing Servlet 'dispatcherServlet'
2021-07-02 09:15:47.450  INFO 24112 --- [http-nio-80-exec-1] o.s.web.servlet.DispatcherServlet        : Completed initialization in 8 ms
2021-07-02 09:15:49.167  INFO 24112 --- [http-nio-80-exec-7] cn.sinap.zengblog.aspect.LogAspect       : Request : ResultLog{url='/', id='0:0:0:0:0:0:0:1', classMethod='cn.sinap.zengblog.controller.IndexController.index', args=[1, {}]} 
2021-07-02 09:15:49.200  INFO 24112 --- [http-nio-80-exec-7] com.zaxxer.hikari.HikariDataSource       : HikariPool-1 - Starting...
2021-07-02 09:15:50.082  INFO 24112 --- [http-nio-80-exec-7] com.zaxxer.hikari.HikariDataSource       : HikariPool-1 - Start completed.
2021-07-02 09:15:50.087 DEBUG 24112 --- [http-nio-80-exec-7] c.s.z.dao.BlogDao.getIndexBlog_COUNT     : ==>  Preparing: SELECT count(0) FROM t_blog b, t_type t, t_user u WHERE b.type_id = t.id AND u.id = b.user_id
2021-07-02 09:15:50.102 DEBUG 24112 --- [http-nio-80-exec-7] c.s.z.dao.BlogDao.getIndexBlog_COUNT     : ==> Parameters: 
2021-07-02 09:15:50.155 DEBUG 24112 --- [http-nio-80-exec-7] c.s.z.dao.BlogDao.getIndexBlog_COUNT     : <==      Total: 1
2021-07-02 09:15:50.157 DEBUG 24112 --- [http-nio-80-exec-7] c.s.zengblog.dao.BlogDao.getIndexBlog    : ==>  Preparing: select b.id, b.title, b.first_picture, b.views, b.update_time, b.description, t.name typename, t.id typeid, u.nickname, u.avatar from t_blog b, t_type t, t_user u where b.type_id = t.id and u.id = b.user_id order by b.update_time desc LIMIT ?
2021-07-02 09:15:50.158 DEBUG 24112 --- [http-nio-80-exec-7] c.s.zengblog.dao.BlogDao.getIndexBlog    : ==> Parameters: 5(Integer)
2021-07-02 09:15:50.202 DEBUG 24112 --- [http-nio-80-exec-7] c.s.zengblog.dao.BlogDao.getIndexBlog    : <==      Total: 5
2021-07-02 09:15:50.203 DEBUG 24112 --- [http-nio-80-exec-7] c.s.z.dao.BlogDao.getAllRecommendBlog    : ==>  Preparing: select id, title, recommend from t_blog where recommend = 1 order by update_time desc;
2021-07-02 09:15:50.204 DEBUG 24112 --- [http-nio-80-exec-7] c.s.z.dao.BlogDao.getAllRecommendBlog    : ==> Parameters: 
2021-07-02 09:15:50.242 DEBUG 24112 --- [http-nio-80-exec-7] c.s.z.dao.BlogDao.getAllRecommendBlog    : <==      Total: 4
2021-07-02 09:15:50.286 DEBUG 24112 --- [http-nio-80-exec-7] c.s.zengblog.dao.TypeDao.getBlogType     : ==>  Preparing: select t.id tid , t.name , b.id bid , b.title , b.type_id from t_type t , t_blog b where t.id = b.type_id
2021-07-02 09:15:50.287 DEBUG 24112 --- [http-nio-80-exec-7] c.s.zengblog.dao.TypeDao.getBlogType     : ==> Parameters: 
2021-07-02 09:15:50.328 DEBUG 24112 --- [http-nio-80-exec-7] c.s.zengblog.dao.TypeDao.getBlogType     : <==      Total: 7
2021-07-02 09:15:50.411 DEBUG 24112 --- [http-nio-80-exec-7] cn.sinap.zengblog.dao.TagDao.getBlogTag  : ==>  Preparing: select t.id tid, t.name, b.id bid, b.title from t_tag t, t_blog b, t_blog_tags bt where t.id = bt.tag_id and b.id = bt.blog_id
2021-07-02 09:15:50.411 DEBUG 24112 --- [http-nio-80-exec-7] cn.sinap.zengblog.dao.TagDao.getBlogTag  : ==> Parameters: 
2021-07-02 09:15:50.452 DEBUG 24112 --- [http-nio-80-exec-7] cn.sinap.zengblog.dao.TagDao.getBlogTag  : <==      Total: 12
2021-07-02 09:15:50.454  INFO 24112 --- [http-nio-80-exec-7] cn.sinap.zengblog.aspect.LogAspect       : result : index
2021-07-02 09:15:52.766  INFO 24112 --- [http-nio-80-exec-4] cn.sinap.zengblog.aspect.LogAspect       : Request : ResultLog{url='/types/-1', id='0:0:0:0:0:0:0:1', classMethod='cn.sinap.zengblog.controller.TypeShowController.types', args=[-1, 1, {}]} 
2021-07-02 09:15:52.849 DEBUG 24112 --- [http-nio-80-exec-4] c.s.zengblog.dao.TypeDao.getBlogType     : ==>  Preparing: select t.id tid , t.name , b.id bid , b.title , b.type_id from t_type t , t_blog b where t.id = b.type_id
2021-07-02 09:15:52.849 DEBUG 24112 --- [http-nio-80-exec-4] c.s.zengblog.dao.TypeDao.getBlogType     : ==> Parameters: 
2021-07-02 09:15:52.889 DEBUG 24112 --- [http-nio-80-exec-4] c.s.zengblog.dao.TypeDao.getBlogType     : <==      Total: 7
2021-07-02 09:15:52.973 DEBUG 24112 --- [http-nio-80-exec-4] c.s.z.dao.BlogDao.getByTypeId_COUNT      : ==>  Preparing: SELECT count(0) FROM t_blog b, t_type t, t_user u WHERE b.type_id = t.id AND u.id = b.user_id AND b.type_id = ?
2021-07-02 09:15:52.973 DEBUG 24112 --- [http-nio-80-exec-4] c.s.z.dao.BlogDao.getByTypeId_COUNT      : ==> Parameters: 3(Long)
2021-07-02 09:15:53.014 DEBUG 24112 --- [http-nio-80-exec-4] c.s.z.dao.BlogDao.getByTypeId_COUNT      : <==      Total: 1
2021-07-02 09:15:53.015 DEBUG 24112 --- [http-nio-80-exec-4] c.s.zengblog.dao.BlogDao.getByTypeId     : ==>  Preparing: select b.id, b.title, b.first_picture, b.views, b.update_time, b.description, t.name typename, t.id typeid, u.nickname, u.avatar from t_blog b, t_type t, t_user u where b.type_id = t.id and u.id = b.user_id and b.type_id = ? order by b.update_time desc LIMIT ?
2021-07-02 09:15:53.015 DEBUG 24112 --- [http-nio-80-exec-4] c.s.zengblog.dao.BlogDao.getByTypeId     : ==> Parameters: 3(Long), 5(Integer)
2021-07-02 09:15:53.054 DEBUG 24112 --- [http-nio-80-exec-4] c.s.zengblog.dao.BlogDao.getByTypeId     : <==      Total: 1
2021-07-02 09:15:53.055  INFO 24112 --- [http-nio-80-exec-4] cn.sinap.zengblog.aspect.LogAspect       : result : types
2021-07-02 09:15:57.551  INFO 24112 --- [http-nio-80-exec-2] cn.sinap.zengblog.aspect.LogAspect       : Request : ResultLog{url='/tags/-1', id='0:0:0:0:0:0:0:1', classMethod='cn.sinap.zengblog.controller.TagShowController.tags', args=[-1, 1, {}]} 
2021-07-02 09:15:57.588 DEBUG 24112 --- [http-nio-80-exec-2] cn.sinap.zengblog.dao.TagDao.getBlogTag  : ==>  Preparing: select t.id tid, t.name, b.id bid, b.title from t_tag t, t_blog b, t_blog_tags bt where t.id = bt.tag_id and b.id = bt.blog_id
2021-07-02 09:15:57.589 DEBUG 24112 --- [http-nio-80-exec-2] cn.sinap.zengblog.dao.TagDao.getBlogTag  : ==> Parameters: 
2021-07-02 09:15:57.625 DEBUG 24112 --- [http-nio-80-exec-2] cn.sinap.zengblog.dao.TagDao.getBlogTag  : <==      Total: 12
2021-07-02 09:15:57.628 DEBUG 24112 --- [http-nio-80-exec-2] c.s.z.dao.BlogDao.getByTagId_COUNT       : ==>  Preparing: SELECT count(0) FROM t_blog b, t_type t, t_user u, t_blog_tags tb, t_tag t1 WHERE b.type_id = t.id AND u.id = b.user_id AND tb.blog_id = b.id AND tb.tag_id = t1.id AND t1.id = ?
2021-07-02 09:15:57.628 DEBUG 24112 --- [http-nio-80-exec-2] c.s.z.dao.BlogDao.getByTagId_COUNT       : ==> Parameters: 7(Long)
2021-07-02 09:15:57.664 DEBUG 24112 --- [http-nio-80-exec-2] c.s.z.dao.BlogDao.getByTagId_COUNT       : <==      Total: 1
2021-07-02 09:15:57.664 DEBUG 24112 --- [http-nio-80-exec-2] c.sinap.zengblog.dao.BlogDao.getByTagId  : ==>  Preparing: select b.id, b.title, b.first_picture, b.views, b.update_time, b.description, t.name typename, t.id typeid, t1.name tagname, t1.id tagid, u.nickname, u.avatar from t_blog b, t_type t, t_user u, t_blog_tags tb, t_tag t1 where b.type_id = t.id and u.id = b.user_id and tb.blog_id = b.id and tb.tag_id = t1.id and t1.id = ? order by b.update_time desc LIMIT ?
2021-07-02 09:15:57.665 DEBUG 24112 --- [http-nio-80-exec-2] c.sinap.zengblog.dao.BlogDao.getByTagId  : ==> Parameters: 7(Long), 5(Integer)
2021-07-02 09:15:57.702 DEBUG 24112 --- [http-nio-80-exec-2] c.sinap.zengblog.dao.BlogDao.getByTagId  : <==      Total: 1
2021-07-02 09:15:57.703  INFO 24112 --- [http-nio-80-exec-2] cn.sinap.zengblog.aspect.LogAspect       : result : tags
2021-07-02 09:15:58.939  INFO 24112 --- [http-nio-80-exec-4] cn.sinap.zengblog.aspect.LogAspect       : Request : ResultLog{url='/types/-1', id='0:0:0:0:0:0:0:1', classMethod='cn.sinap.zengblog.controller.TypeShowController.types', args=[-1, 1, {}]} 
2021-07-02 09:15:59.012 DEBUG 24112 --- [http-nio-80-exec-4] c.s.zengblog.dao.TypeDao.getBlogType     : ==>  Preparing: select t.id tid , t.name , b.id bid , b.title , b.type_id from t_type t , t_blog b where t.id = b.type_id
2021-07-02 09:15:59.012 DEBUG 24112 --- [http-nio-80-exec-4] c.s.zengblog.dao.TypeDao.getBlogType     : ==> Parameters: 
2021-07-02 09:15:59.049 DEBUG 24112 --- [http-nio-80-exec-4] c.s.zengblog.dao.TypeDao.getBlogType     : <==      Total: 7
2021-07-02 09:15:59.124 DEBUG 24112 --- [http-nio-80-exec-4] c.s.z.dao.BlogDao.getByTypeId_COUNT      : ==>  Preparing: SELECT count(0) FROM t_blog b, t_type t, t_user u WHERE b.type_id = t.id AND u.id = b.user_id AND b.type_id = ?
2021-07-02 09:15:59.124 DEBUG 24112 --- [http-nio-80-exec-4] c.s.z.dao.BlogDao.getByTypeId_COUNT      : ==> Parameters: 3(Long)
2021-07-02 09:15:59.160 DEBUG 24112 --- [http-nio-80-exec-4] c.s.z.dao.BlogDao.getByTypeId_COUNT      : <==      Total: 1
2021-07-02 09:15:59.161 DEBUG 24112 --- [http-nio-80-exec-4] c.s.zengblog.dao.BlogDao.getByTypeId     : ==>  Preparing: select b.id, b.title, b.first_picture, b.views, b.update_time, b.description, t.name typename, t.id typeid, u.nickname, u.avatar from t_blog b, t_type t, t_user u where b.type_id = t.id and u.id = b.user_id and b.type_id = ? order by b.update_time desc LIMIT ?
2021-07-02 09:15:59.161 DEBUG 24112 --- [http-nio-80-exec-4] c.s.zengblog.dao.BlogDao.getByTypeId     : ==> Parameters: 3(Long), 5(Integer)
2021-07-02 09:15:59.200 DEBUG 24112 --- [http-nio-80-exec-4] c.s.zengblog.dao.BlogDao.getByTypeId     : <==      Total: 1
2021-07-02 09:15:59.200  INFO 24112 --- [http-nio-80-exec-4] cn.sinap.zengblog.aspect.LogAspect       : result : types
2021-07-02 09:16:02.508  INFO 24112 --- [http-nio-80-exec-2] cn.sinap.zengblog.aspect.LogAspect       : Request : ResultLog{url='/types/6', id='0:0:0:0:0:0:0:1', classMethod='cn.sinap.zengblog.controller.TypeShowController.types', args=[6, 1, {}]} 
2021-07-02 09:16:02.581 DEBUG 24112 --- [http-nio-80-exec-2] c.s.zengblog.dao.TypeDao.getBlogType     : ==>  Preparing: select t.id tid , t.name , b.id bid , b.title , b.type_id from t_type t , t_blog b where t.id = b.type_id
2021-07-02 09:16:02.581 DEBUG 24112 --- [http-nio-80-exec-2] c.s.zengblog.dao.TypeDao.getBlogType     : ==> Parameters: 
2021-07-02 09:16:02.619 DEBUG 24112 --- [http-nio-80-exec-2] c.s.zengblog.dao.TypeDao.getBlogType     : <==      Total: 7
2021-07-02 09:16:02.693 DEBUG 24112 --- [http-nio-80-exec-2] c.s.z.dao.BlogDao.getByTypeId_COUNT      : ==>  Preparing: SELECT count(0) FROM t_blog b, t_type t, t_user u WHERE b.type_id = t.id AND u.id = b.user_id AND b.type_id = ?
2021-07-02 09:16:02.694 DEBUG 24112 --- [http-nio-80-exec-2] c.s.z.dao.BlogDao.getByTypeId_COUNT      : ==> Parameters: 6(Long)
2021-07-02 09:16:02.731 DEBUG 24112 --- [http-nio-80-exec-2] c.s.z.dao.BlogDao.getByTypeId_COUNT      : <==      Total: 1
2021-07-02 09:16:02.732 DEBUG 24112 --- [http-nio-80-exec-2] c.s.zengblog.dao.BlogDao.getByTypeId     : ==>  Preparing: select b.id, b.title, b.first_picture, b.views, b.update_time, b.description, t.name typename, t.id typeid, u.nickname, u.avatar from t_blog b, t_type t, t_user u where b.type_id = t.id and u.id = b.user_id and b.type_id = ? order by b.update_time desc LIMIT ?
2021-07-02 09:16:02.732 DEBUG 24112 --- [http-nio-80-exec-2] c.s.zengblog.dao.BlogDao.getByTypeId     : ==> Parameters: 6(Long), 5(Integer)
2021-07-02 09:16:02.769 DEBUG 24112 --- [http-nio-80-exec-2] c.s.zengblog.dao.BlogDao.getByTypeId     : <==      Total: 1
2021-07-02 09:16:02.770  INFO 24112 --- [http-nio-80-exec-2] cn.sinap.zengblog.aspect.LogAspect       : result : types
2021-07-02 09:16:03.933  INFO 24112 --- [http-nio-80-exec-10] cn.sinap.zengblog.aspect.LogAspect       : Request : ResultLog{url='/types/1', id='0:0:0:0:0:0:0:1', classMethod='cn.sinap.zengblog.controller.TypeShowController.types', args=[1, 1, {}]} 
2021-07-02 09:16:04.006 DEBUG 24112 --- [http-nio-80-exec-10] c.s.zengblog.dao.TypeDao.getBlogType     : ==>  Preparing: select t.id tid , t.name , b.id bid , b.title , b.type_id from t_type t , t_blog b where t.id = b.type_id
2021-07-02 09:16:04.006 DEBUG 24112 --- [http-nio-80-exec-10] c.s.zengblog.dao.TypeDao.getBlogType     : ==> Parameters: 
2021-07-02 09:16:04.044 DEBUG 24112 --- [http-nio-80-exec-10] c.s.zengblog.dao.TypeDao.getBlogType     : <==      Total: 7
2021-07-02 09:16:04.117 DEBUG 24112 --- [http-nio-80-exec-10] c.s.z.dao.BlogDao.getByTypeId_COUNT      : ==>  Preparing: SELECT count(0) FROM t_blog b, t_type t, t_user u WHERE b.type_id = t.id AND u.id = b.user_id AND b.type_id = ?
2021-07-02 09:16:04.117 DEBUG 24112 --- [http-nio-80-exec-10] c.s.z.dao.BlogDao.getByTypeId_COUNT      : ==> Parameters: 1(Long)
2021-07-02 09:16:04.153 DEBUG 24112 --- [http-nio-80-exec-10] c.s.z.dao.BlogDao.getByTypeId_COUNT      : <==      Total: 1
2021-07-02 09:16:04.153 DEBUG 24112 --- [http-nio-80-exec-10] c.s.zengblog.dao.BlogDao.getByTypeId     : ==>  Preparing: select b.id, b.title, b.first_picture, b.views, b.update_time, b.description, t.name typename, t.id typeid, u.nickname, u.avatar from t_blog b, t_type t, t_user u where b.type_id = t.id and u.id = b.user_id and b.type_id = ? order by b.update_time desc LIMIT ?
2021-07-02 09:16:04.153 DEBUG 24112 --- [http-nio-80-exec-10] c.s.zengblog.dao.BlogDao.getByTypeId     : ==> Parameters: 1(Long), 5(Integer)
2021-07-02 09:16:04.191 DEBUG 24112 --- [http-nio-80-exec-10] c.s.zengblog.dao.BlogDao.getByTypeId     : <==      Total: 3
2021-07-02 09:16:04.192  INFO 24112 --- [http-nio-80-exec-10] cn.sinap.zengblog.aspect.LogAspect       : result : types
2021-07-02 09:17:00.086  INFO 24112 --- [Thread-4] o.s.s.concurrent.ThreadPoolTaskExecutor  : Shutting down ExecutorService 'applicationTaskExecutor'
2021-07-02 09:17:00.087  INFO 24112 --- [Thread-4] com.zaxxer.hikari.HikariDataSource       : HikariPool-1 - Shutdown initiated...
2021-07-02 09:17:00.097  INFO 24112 --- [Thread-4] com.zaxxer.hikari.HikariDataSource       : HikariPool-1 - Shutdown completed.
2021-07-02 09:17:15.263  INFO 24112 --- [restartedMain] cn.sinap.zengblog.ZengblogApplication    : Starting ZengblogApplication on LAPTOP-B6E2K6VB with PID 24112 (E:\JavaItem\zengblogJar\target\classes started by Vealroer in E:\JavaItem\zengblogJar)
2021-07-02 09:17:15.263 DEBUG 24112 --- [restartedMain] cn.sinap.zengblog.ZengblogApplication    : Running with Spring Boot v2.3.3.RELEASE, Spring v5.2.8.RELEASE
2021-07-02 09:17:15.263  INFO 24112 --- [restartedMain] cn.sinap.zengblog.ZengblogApplication    : No active profile set, falling back to default profiles: default
2021-07-02 09:17:15.425  WARN 24112 --- [restartedMain] o.m.s.mapper.ClassPathMapperScanner      : No MyBatis mapper was found in '[cn.sinap.zengblog]' package. Please check your configuration.
2021-07-02 09:17:15.495  INFO 24112 --- [restartedMain] o.s.b.w.embedded.tomcat.TomcatWebServer  : Tomcat initialized with port(s): 80 (http)
2021-07-02 09:17:15.495  INFO 24112 --- [restartedMain] o.apache.catalina.core.StandardService   : Starting service [Tomcat]
2021-07-02 09:17:15.495  INFO 24112 --- [restartedMain] org.apache.catalina.core.StandardEngine  : Starting Servlet engine: [Apache Tomcat/9.0.37]
2021-07-02 09:17:15.521  INFO 24112 --- [restartedMain] o.a.c.c.C.[Tomcat-1].[localhost].[/]     : Initializing Spring embedded WebApplicationContext
2021-07-02 09:17:15.522  INFO 24112 --- [restartedMain] w.s.c.ServletWebServerApplicationContext : Root WebApplicationContext: initialization completed in 256 ms
2021-07-02 09:17:15.581  INFO 24112 --- [restartedMain] o.s.s.concurrent.ThreadPoolTaskExecutor  : Initializing ExecutorService 'applicationTaskExecutor'
2021-07-02 09:17:15.594  INFO 24112 --- [restartedMain] o.s.b.a.w.s.WelcomePageHandlerMapping    : Adding welcome page template: index
2021-07-02 09:17:15.644  WARN 24112 --- [restartedMain] ConfigServletWebServerApplicationContext : Exception encountered during context initialization - cancelling refresh attempt: org.springframework.beans.factory.BeanCreationException: Error creating bean with name 'sqlSessionFactory' defined in class path resource [org/mybatis/spring/boot/autoconfigure/MybatisAutoConfiguration.class]: Bean instantiation via factory method failed; nested exception is org.springframework.beans.BeanInstantiationException: Failed to instantiate [org.apache.ibatis.session.SqlSessionFactory]: Factory method 'sqlSessionFactory' threw exception; nested exception is org.springframework.core.NestedIOException: Failed to parse mapping resource: 'file [E:\JavaItem\zengblogJar\target\classes\mapper\BlogDao.xml]'; nested exception is org.apache.ibatis.builder.BuilderException: Error parsing Mapper XML. The XML location is 'file [E:\JavaItem\zengblogJar\target\classes\mapper\BlogDao.xml]'. Cause: org.apache.ibatis.builder.BuilderException: Error resolving class. Cause: org.apache.ibatis.type.TypeException: Could not resolve type alias 'cn.sinap.zengblog.domain.Blog'.  Cause: java.lang.ClassNotFoundException: Cannot find class: cn.sinap.zengblog.domain.Blog
2021-07-02 09:17:15.644  INFO 24112 --- [restartedMain] o.s.s.concurrent.ThreadPoolTaskExecutor  : Shutting down ExecutorService 'applicationTaskExecutor'
2021-07-02 09:17:15.645  INFO 24112 --- [restartedMain] o.apache.catalina.core.StandardService   : Stopping service [Tomcat]
2021-07-02 09:17:15.652  INFO 24112 --- [restartedMain] ConditionEvaluationReportLoggingListener : 

Error starting ApplicationContext. To display the conditions report re-run your application with 'debug' enabled.
2021-07-02 09:17:15.657 ERROR 24112 --- [restartedMain] o.s.boot.SpringApplication               : Application run failed

org.springframework.beans.factory.BeanCreationException: Error creating bean with name 'sqlSessionFactory' defined in class path resource [org/mybatis/spring/boot/autoconfigure/MybatisAutoConfiguration.class]: Bean instantiation via factory method failed; nested exception is org.springframework.beans.BeanInstantiationException: Failed to instantiate [org.apache.ibatis.session.SqlSessionFactory]: Factory method 'sqlSessionFactory' threw exception; nested exception is org.springframework.core.NestedIOException: Failed to parse mapping resource: 'file [E:\JavaItem\zengblogJar\target\classes\mapper\BlogDao.xml]'; nested exception is org.apache.ibatis.builder.BuilderException: Error parsing Mapper XML. The XML location is 'file [E:\JavaItem\zengblogJar\target\classes\mapper\BlogDao.xml]'. Cause: org.apache.ibatis.builder.BuilderException: Error resolving class. Cause: org.apache.ibatis.type.TypeException: Could not resolve type alias 'cn.sinap.zengblog.domain.Blog'.  Cause: java.lang.ClassNotFoundException: Cannot find class: cn.sinap.zengblog.domain.Blog
	at org.springframework.beans.factory.support.ConstructorResolver.instantiate(ConstructorResolver.java:655)
	at org.springframework.beans.factory.support.ConstructorResolver.instantiateUsingFactoryMethod(ConstructorResolver.java:635)
	at org.springframework.beans.factory.support.AbstractAutowireCapableBeanFactory.instantiateUsingFactoryMethod(AbstractAutowireCapableBeanFactory.java:1336)
	at org.springframework.beans.factory.support.AbstractAutowireCapableBeanFactory.createBeanInstance(AbstractAutowireCapableBeanFactory.java:1176)
	at org.springframework.beans.factory.support.AbstractAutowireCapableBeanFactory.doCreateBean(AbstractAutowireCapableBeanFactory.java:556)
	at org.springframework.beans.factory.support.AbstractAutowireCapableBeanFactory.createBean(AbstractAutowireCapableBeanFactory.java:516)
	at org.springframework.beans.factory.support.AbstractBeanFactory.lambda$doGetBean$0(AbstractBeanFactory.java:324)
	at org.springframework.beans.factory.support.DefaultSingletonBeanRegistry.getSingleton(DefaultSingletonBeanRegistry.java:226)
	at org.springframework.beans.factory.support.AbstractBeanFactory.doGetBean(AbstractBeanFactory.java:322)
	at org.springframework.beans.factory.support.AbstractBeanFactory.getBean(AbstractBeanFactory.java:202)
	at org.springframework.beans.factory.support.DefaultListableBeanFactory.preInstantiateSingletons(DefaultListableBeanFactory.java:897)
	at org.springframework.context.support.AbstractApplicationContext.finishBeanFactoryInitialization(AbstractApplicationContext.java:879)
	at org.springframework.context.support.AbstractApplicationContext.refresh(AbstractApplicationContext.java:551)
	at org.springframework.boot.web.servlet.context.ServletWebServerApplicationContext.refresh(ServletWebServerApplicationContext.java:143)
	at org.springframework.boot.SpringApplication.refresh(SpringApplication.java:758)
	at org.springframework.boot.SpringApplication.refresh(SpringApplication.java:750)
	at org.springframework.boot.SpringApplication.refreshContext(SpringApplication.java:397)
	at org.springframework.boot.SpringApplication.run(SpringApplication.java:315)
	at org.springframework.boot.SpringApplication.run(SpringApplication.java:1237)
	at org.springframework.boot.SpringApplication.run(SpringApplication.java:1226)
	at cn.sinap.zengblog.ZengblogApplication.main(ZengblogApplication.java:10)
	at java.base/jdk.internal.reflect.NativeMethodAccessorImpl.invoke0(Native Method)
	at java.base/jdk.internal.reflect.NativeMethodAccessorImpl.invoke(NativeMethodAccessorImpl.java:62)
	at java.base/jdk.internal.reflect.DelegatingMethodAccessorImpl.invoke(DelegatingMethodAccessorImpl.java:43)
	at java.base/java.lang.reflect.Method.invoke(Method.java:564)
	at org.springframework.boot.devtools.restart.RestartLauncher.run(RestartLauncher.java:49)
Caused by: org.springframework.beans.BeanInstantiationException: Failed to instantiate [org.apache.ibatis.session.SqlSessionFactory]: Factory method 'sqlSessionFactory' threw exception; nested exception is org.springframework.core.NestedIOException: Failed to parse mapping resource: 'file [E:\JavaItem\zengblogJar\target\classes\mapper\BlogDao.xml]'; nested exception is org.apache.ibatis.builder.BuilderException: Error parsing Mapper XML. The XML location is 'file [E:\JavaItem\zengblogJar\target\classes\mapper\BlogDao.xml]'. Cause: org.apache.ibatis.builder.BuilderException: Error resolving class. Cause: org.apache.ibatis.type.TypeException: Could not resolve type alias 'cn.sinap.zengblog.domain.Blog'.  Cause: java.lang.ClassNotFoundException: Cannot find class: cn.sinap.zengblog.domain.Blog
	at org.springframework.beans.factory.support.SimpleInstantiationStrategy.instantiate(SimpleInstantiationStrategy.java:185)
	at org.springframework.beans.factory.support.ConstructorResolver.instantiate(ConstructorResolver.java:650)
	... 25 common frames omitted
Caused by: org.springframework.core.NestedIOException: Failed to parse mapping resource: 'file [E:\JavaItem\zengblogJar\target\classes\mapper\BlogDao.xml]'; nested exception is org.apache.ibatis.builder.BuilderException: Error parsing Mapper XML. The XML location is 'file [E:\JavaItem\zengblogJar\target\classes\mapper\BlogDao.xml]'. Cause: org.apache.ibatis.builder.BuilderException: Error resolving class. Cause: org.apache.ibatis.type.TypeException: Could not resolve type alias 'cn.sinap.zengblog.domain.Blog'.  Cause: java.lang.ClassNotFoundException: Cannot find class: cn.sinap.zengblog.domain.Blog
	at org.mybatis.spring.SqlSessionFactoryBean.buildSqlSessionFactory(SqlSessionFactoryBean.java:612)
	at org.mybatis.spring.SqlSessionFactoryBean.afterPropertiesSet(SqlSessionFactoryBean.java:490)
	at org.mybatis.spring.SqlSessionFactoryBean.getObject(SqlSessionFactoryBean.java:632)
	at org.mybatis.spring.boot.autoconfigure.MybatisAutoConfiguration.sqlSessionFactory(MybatisAutoConfiguration.java:180)
	at org.mybatis.spring.boot.autoconfigure.MybatisAutoConfiguration$$EnhancerBySpringCGLIB$$c22ea487.CGLIB$sqlSessionFactory$1(<generated>)
	at org.mybatis.spring.boot.autoconfigure.MybatisAutoConfiguration$$EnhancerBySpringCGLIB$$c22ea487$$FastClassBySpringCGLIB$$ab059a42.invoke(<generated>)
	at org.springframework.cglib.proxy.MethodProxy.invokeSuper(MethodProxy.java:244)
	at org.springframework.context.annotation.ConfigurationClassEnhancer$BeanMethodInterceptor.intercept(ConfigurationClassEnhancer.java:331)
	at org.mybatis.spring.boot.autoconfigure.MybatisAutoConfiguration$$EnhancerBySpringCGLIB$$c22ea487.sqlSessionFactory(<generated>)
	at java.base/jdk.internal.reflect.NativeMethodAccessorImpl.invoke0(Native Method)
	at java.base/jdk.internal.reflect.NativeMethodAccessorImpl.invoke(NativeMethodAccessorImpl.java:62)
	at java.base/jdk.internal.reflect.DelegatingMethodAccessorImpl.invoke(DelegatingMethodAccessorImpl.java:43)
	at java.base/java.lang.reflect.Method.invoke(Method.java:564)
	at org.springframework.beans.factory.support.SimpleInstantiationStrategy.instantiate(SimpleInstantiationStrategy.java:154)
	... 26 common frames omitted
Caused by: org.apache.ibatis.builder.BuilderException: Error parsing Mapper XML. The XML location is 'file [E:\JavaItem\zengblogJar\target\classes\mapper\BlogDao.xml]'. Cause: org.apache.ibatis.builder.BuilderException: Error resolving class. Cause: org.apache.ibatis.type.TypeException: Could not resolve type alias 'cn.sinap.zengblog.domain.Blog'.  Cause: java.lang.ClassNotFoundException: Cannot find class: cn.sinap.zengblog.domain.Blog
	at org.apache.ibatis.builder.xml.XMLMapperBuilder.configurationElement(XMLMapperBuilder.java:123)
	at org.apache.ibatis.builder.xml.XMLMapperBuilder.parse(XMLMapperBuilder.java:95)
	at org.mybatis.spring.SqlSessionFactoryBean.buildSqlSessionFactory(SqlSessionFactoryBean.java:610)
	... 39 common frames omitted
Caused by: org.apache.ibatis.builder.BuilderException: Error resolving class. Cause: org.apache.ibatis.type.TypeException: Could not resolve type alias 'cn.sinap.zengblog.domain.Blog'.  Cause: java.lang.ClassNotFoundException: Cannot find class: cn.sinap.zengblog.domain.Blog
	at org.apache.ibatis.builder.BaseBuilder.resolveClass(BaseBuilder.java:118)
	at org.apache.ibatis.builder.xml.XMLMapperBuilder.resultMapElement(XMLMapperBuilder.java:263)
	at org.apache.ibatis.builder.xml.XMLMapperBuilder.resultMapElement(XMLMapperBuilder.java:254)
	at org.apache.ibatis.builder.xml.XMLMapperBuilder.resultMapElements(XMLMapperBuilder.java:246)
	at org.apache.ibatis.builder.xml.XMLMapperBuilder.configurationElement(XMLMapperBuilder.java:119)
	... 41 common frames omitted
Caused by: org.apache.ibatis.type.TypeException: Could not resolve type alias 'cn.sinap.zengblog.domain.Blog'.  Cause: java.lang.ClassNotFoundException: Cannot find class: cn.sinap.zengblog.domain.Blog
	at org.apache.ibatis.type.TypeAliasRegistry.resolveAlias(TypeAliasRegistry.java:120)
	at org.apache.ibatis.builder.BaseBuilder.resolveAlias(BaseBuilder.java:149)
	at org.apache.ibatis.builder.BaseBuilder.resolveClass(BaseBuilder.java:116)
	... 45 common frames omitted
Caused by: java.lang.ClassNotFoundException: Cannot find class: cn.sinap.zengblog.domain.Blog
	at org.apache.ibatis.io.ClassLoaderWrapper.classForName(ClassLoaderWrapper.java:200)
	at org.apache.ibatis.io.ClassLoaderWrapper.classForName(ClassLoaderWrapper.java:89)
	at org.apache.ibatis.io.Resources.classForName(Resources.java:261)
	at org.apache.ibatis.type.TypeAliasRegistry.resolveAlias(TypeAliasRegistry.java:116)
	... 47 common frames omitted

2021-07-02 09:17:18.432  INFO 24112 --- [restartedMain] cn.sinap.zengblog.ZengblogApplication    : Starting ZengblogApplication on LAPTOP-B6E2K6VB with PID 24112 (E:\JavaItem\zengblogJar\target\classes started by Vealroer in E:\JavaItem\zengblogJar)
2021-07-02 09:17:18.433 DEBUG 24112 --- [restartedMain] cn.sinap.zengblog.ZengblogApplication    : Running with Spring Boot v2.3.3.RELEASE, Spring v5.2.8.RELEASE
2021-07-02 09:17:18.433  INFO 24112 --- [restartedMain] cn.sinap.zengblog.ZengblogApplication    : No active profile set, falling back to default profiles: default
2021-07-02 09:17:18.886  INFO 24112 --- [restartedMain] o.s.b.w.embedded.tomcat.TomcatWebServer  : Tomcat initialized with port(s): 80 (http)
2021-07-02 09:17:18.886  INFO 24112 --- [restartedMain] o.apache.catalina.core.StandardService   : Starting service [Tomcat]
2021-07-02 09:17:18.886  INFO 24112 --- [restartedMain] org.apache.catalina.core.StandardEngine  : Starting Servlet engine: [Apache Tomcat/9.0.37]
2021-07-02 09:17:18.903  INFO 24112 --- [restartedMain] o.a.c.c.C.[Tomcat-2].[localhost].[/]     : Initializing Spring embedded WebApplicationContext
2021-07-02 09:17:18.904  INFO 24112 --- [restartedMain] w.s.c.ServletWebServerApplicationContext : Root WebApplicationContext: initialization completed in 468 ms
2021-07-02 09:17:19.222  INFO 24112 --- [restartedMain] pertySourcedRequestMappingHandlerMapping : Mapped URL path [/v2/api-docs] onto method [springfox.documentation.swagger2.web.Swagger2Controller#getDocumentation(String, HttpServletRequest)]
2021-07-02 09:17:19.334  INFO 24112 --- [restartedMain] o.s.s.concurrent.ThreadPoolTaskExecutor  : Initializing ExecutorService 'applicationTaskExecutor'
2021-07-02 09:17:19.365  INFO 24112 --- [restartedMain] o.s.b.d.a.OptionalLiveReloadServer       : LiveReload server is running on port 35729
2021-07-02 09:17:19.386  INFO 24112 --- [restartedMain] o.s.b.a.w.s.WelcomePageHandlerMapping    : Adding welcome page template: index
2021-07-02 09:17:19.638  INFO 24112 --- [restartedMain] o.s.b.w.embedded.tomcat.TomcatWebServer  : Tomcat started on port(s): 80 (http) with context path ''
2021-07-02 09:17:19.638  INFO 24112 --- [restartedMain] d.s.w.p.DocumentationPluginsBootstrapper : Context refreshed
2021-07-02 09:17:19.639  INFO 24112 --- [restartedMain] d.s.w.p.DocumentationPluginsBootstrapper : Found 1 custom documentation plugin(s)
2021-07-02 09:17:19.650  INFO 24112 --- [restartedMain] s.d.s.w.s.ApiListingReferenceScanner     : Scanning for api listing references
2021-07-02 09:17:19.689  INFO 24112 --- [restartedMain] .d.s.w.r.o.CachingOperationNameGenerator : Generating unique operation named: deleteTypeUsingGET_1
2021-07-02 09:17:19.695  INFO 24112 --- [restartedMain] cn.sinap.zengblog.ZengblogApplication    : Started ZengblogApplication in 1.305 seconds (JVM running for 110.814)
2021-07-02 09:17:19.697  INFO 24112 --- [restartedMain] .ConditionEvaluationDeltaLoggingListener : Condition evaluation unchanged
2021-07-02 09:21:22.300  INFO 24112 --- [http-nio-80-exec-1] o.a.c.c.C.[Tomcat-2].[localhost].[/]     : Initializing Spring DispatcherServlet 'dispatcherServlet'
2021-07-02 09:21:22.301  INFO 24112 --- [http-nio-80-exec-1] o.s.web.servlet.DispatcherServlet        : Initializing Servlet 'dispatcherServlet'
2021-07-02 09:21:22.308  INFO 24112 --- [http-nio-80-exec-1] o.s.web.servlet.DispatcherServlet        : Completed initialization in 7 ms
2021-07-02 12:53:32.323  INFO 4260 --- [restartedMain] cn.sinap.zengblog.ZengblogApplication    : Starting ZengblogApplication on LAPTOP-B6E2K6VB with PID 4260 (E:\JavaItemGitHub\zengblogJar\target\classes started by Vealroer in E:\JavaItemGitHub\zengblogJar)
2021-07-02 12:53:32.324 DEBUG 4260 --- [restartedMain] cn.sinap.zengblog.ZengblogApplication    : Running with Spring Boot v2.3.3.RELEASE, Spring v5.2.8.RELEASE
2021-07-02 12:53:32.325  INFO 4260 --- [restartedMain] cn.sinap.zengblog.ZengblogApplication    : No active profile set, falling back to default profiles: default
2021-07-02 12:53:32.378  INFO 4260 --- [restartedMain] .e.DevToolsPropertyDefaultsPostProcessor : Devtools property defaults active! Set 'spring.devtools.add-properties' to 'false' to disable
2021-07-02 12:53:32.379  INFO 4260 --- [restartedMain] .e.DevToolsPropertyDefaultsPostProcessor : For additional web related logging consider setting the 'logging.level.web' property to 'DEBUG'
2021-07-02 12:53:33.753  INFO 4260 --- [restartedMain] o.s.b.w.embedded.tomcat.TomcatWebServer  : Tomcat initialized with port(s): 80 (http)
2021-07-02 12:53:33.761  INFO 4260 --- [restartedMain] o.apache.catalina.core.StandardService   : Starting service [Tomcat]
2021-07-02 12:53:33.761  INFO 4260 --- [restartedMain] org.apache.catalina.core.StandardEngine  : Starting Servlet engine: [Apache Tomcat/9.0.37]
2021-07-02 12:53:33.831  INFO 4260 --- [restartedMain] o.a.c.c.C.[Tomcat].[localhost].[/]       : Initializing Spring embedded WebApplicationContext
2021-07-02 12:53:33.832  INFO 4260 --- [restartedMain] w.s.c.ServletWebServerApplicationContext : Root WebApplicationContext: initialization completed in 1453 ms
2021-07-02 12:53:34.624  INFO 4260 --- [restartedMain] pertySourcedRequestMappingHandlerMapping : Mapped URL path [/v2/api-docs] onto method [springfox.documentation.swagger2.web.Swagger2Controller#getDocumentation(String, HttpServletRequest)]
2021-07-02 12:53:34.732  INFO 4260 --- [restartedMain] o.s.s.concurrent.ThreadPoolTaskExecutor  : Initializing ExecutorService 'applicationTaskExecutor'
2021-07-02 12:53:34.782  INFO 4260 --- [restartedMain] o.s.b.d.a.OptionalLiveReloadServer       : LiveReload server is running on port 35729
2021-07-02 12:53:34.808  INFO 4260 --- [restartedMain] o.s.b.a.w.s.WelcomePageHandlerMapping    : Adding welcome page template: index
2021-07-02 12:53:35.136  INFO 4260 --- [restartedMain] o.s.b.w.embedded.tomcat.TomcatWebServer  : Tomcat started on port(s): 80 (http) with context path ''
2021-07-02 12:53:35.137  INFO 4260 --- [restartedMain] d.s.w.p.DocumentationPluginsBootstrapper : Context refreshed
2021-07-02 12:53:35.144  INFO 4260 --- [restartedMain] d.s.w.p.DocumentationPluginsBootstrapper : Found 1 custom documentation plugin(s)
2021-07-02 12:53:35.171  INFO 4260 --- [restartedMain] s.d.s.w.s.ApiListingReferenceScanner     : Scanning for api listing references
2021-07-02 12:53:35.241  INFO 4260 --- [restartedMain] .d.s.w.r.o.CachingOperationNameGenerator : Generating unique operation named: deleteTypeUsingGET_1
2021-07-02 12:53:35.259  INFO 4260 --- [restartedMain] cn.sinap.zengblog.ZengblogApplication    : Started ZengblogApplication in 3.696 seconds (JVM running for 5.802)
